# JRE version: OpenJDK Runtime Environment Temurin-21.0.1+12 (21.0.1+12) (build 21.0.1+12-LTS)
# Java VM: OpenJDK 64-Bit Server VM Temurin-21.0.1+12 (21.0.1+12-LTS, mixed mode, emulated-client, tiered, compressed oops, compressed class ptrs, g1 gc, windows-amd64)
GC Precious Log:
 CardTable entry size: 512
 Card Set container configuration: InlinePtr #cards 4 size 8 Array Of Cards #cards 16 size 48 Howl #buckets 8 coarsen threshold 3686 Howl Bitmap #cards 512 size 80 coarsen threshold 460 Card regions per heap region 1 cards per card region 4096
 CPUs: 12 total, 12 available
 Memory: 16016M
 Large Page Support: Disabled
 NUMA Support: Disabled
 Compressed Oops: Enabled (Zero based)
 Heap Region Size: 2M
 Heap Min Capacity: 8M
 Heap Initial Capacity: 252M
 Heap Max Capacity: 4006M
 Pre-touch: Disabled
 Parallel Workers: 10
 Concurrent Workers: 3
 Concurrent Refinement Workers: 10
 Periodic GC: Disabled
Heap:
 garbage-first heap   total 90112K, used 47818K [0x0000000705a00000, 0x0000000800000000)
  region size 2048K, 11 young (22528K), 2 survivors (4096K)
 Metaspace       used 90218K, committed 91072K, reserved 1179648K
  class space    used 11693K, committed 12096K, reserved 1048576K
GC Heap History (20 events):
Event: 41295.121 GC heap before
{Heap before GC invocations=76 (full 11):
 garbage-first heap   total 90112K, used 59830K [0x0000000705a00000, 0x0000000800000000)
  region size 2048K, 16 young (32768K), 2 survivors (4096K)
 Metaspace       used 88665K, committed 89344K, reserved 1179648K
  class space    used 11542K, committed 11840K, reserved 1048576K
}
Event: 41295.201 GC heap after
{Heap after GC invocations=77 (full 12):
 garbage-first heap   total 90112K, used 24607K [0x0000000705a00000, 0x0000000800000000)
  region size 2048K, 0 young (0K), 0 survivors (0K)
 Metaspace       used 88602K, committed 89344K, reserved 1179648K
  class space    used 11526K, committed 11840K, reserved 1048576K
}
Event: 41295.950 GC heap before
{Heap before GC invocations=77 (full 12):
 garbage-first heap   total 90112K, used 75807K [0x0000000705a00000, 0x0000000800000000)
  region size 2048K, 25 young (51200K), 0 survivors (0K)
 Metaspace       used 88822K, committed 89600K, reserved 1179648K
  class space    used 11576K, committed 11904K, reserved 1048576K
}
Event: 41295.957 GC heap after
{Heap after GC invocations=78 (full 12):
 garbage-first heap   total 90112K, used 29789K [0x0000000705a00000, 0x0000000800000000)
  region size 2048K, 3 young (6144K), 3 survivors (6144K)
 Metaspace       used 88822K, committed 89600K, reserved 1179648K
  class space    used 11576K, committed 11904K, reserved 1048576K
}
Event: 41304.594 GC heap before
{Heap before GC invocations=79 (full 12):
 garbage-first heap   total 90112K, used 68701K [0x0000000705a00000, 0x0000000800000000)
  region size 2048K, 23 young (47104K), 3 survivors (6144K)
 Metaspace       used 89106K, committed 89920K, reserved 1179648K
  class space    used 11610K, committed 11968K, reserved 1048576K
}
Event: 41304.648 GC heap after
{Heap after GC invocations=80 (full 13):
 garbage-first heap   total 90112K, used 27075K [0x0000000705a00000, 0x0000000800000000)
  region size 2048K, 0 young (0K), 0 survivors (0K)
 Metaspace       used 89032K, committed 89920K, reserved 1179648K
  class space    used 11591K, committed 11968K, reserved 1048576K
}
Event: 41305.292 GC heap before
{Heap before GC invocations=80 (full 13):
 garbage-first heap   total 90112K, used 74179K [0x0000000705a00000, 0x0000000800000000)
  region size 2048K, 23 young (47104K), 0 survivors (0K)
 Metaspace       used 89120K, committed 89920K, reserved 1179648K
  class space    used 11607K, committed 11968K, reserved 1048576K
}
Event: 41305.296 GC heap after
{Heap after GC invocations=81 (full 13):
 garbage-first heap   total 90112K, used 31171K [0x0000000705a00000, 0x0000000800000000)
  region size 2048K, 2 young (4096K), 2 survivors (4096K)
 Metaspace       used 89120K, committed 89920K, reserved 1179648K
  class space    used 11607K, committed 11968K, reserved 1048576K
}
Event: 41335.318 GC heap before
{Heap before GC invocations=82 (full 13):
 garbage-first heap   total 90112K, used 70083K [0x0000000705a00000, 0x0000000800000000)
  region size 2048K, 22 young (45056K), 2 survivors (4096K)
 Metaspace       used 89337K, committed 90112K, reserved 1179648K
  class space    used 11626K, committed 11968K, reserved 1048576K
}
Event: 41335.411 GC heap after
{Heap after GC invocations=83 (full 14):
 garbage-first heap   total 90112K, used 27344K [0x0000000705a00000, 0x0000000800000000)
  region size 2048K, 0 young (0K), 0 survivors (0K)
 Metaspace       used 89333K, committed 90112K, reserved 1179648K
  class space    used 11625K, committed 11968K, reserved 1048576K
}
Event: 41336.194 GC heap before
{Heap before GC invocations=83 (full 14):
 garbage-first heap   total 90112K, used 72400K [0x0000000705a00000, 0x0000000800000000)
  region size 2048K, 23 young (47104K), 0 survivors (0K)
 Metaspace       used 89422K, committed 90176K, reserved 1179648K
  class space    used 11644K, committed 11968K, reserved 1048576K
}
Event: 41336.199 GC heap after
{Heap after GC invocations=84 (full 14):
 garbage-first heap   total 90112K, used 31136K [0x0000000705a00000, 0x0000000800000000)
  region size 2048K, 2 young (4096K), 2 survivors (4096K)
 Metaspace       used 89422K, committed 90176K, reserved 1179648K
  class space    used 11644K, committed 11968K, reserved 1048576K
}
Event: 41361.121 GC heap before
{Heap before GC invocations=85 (full 14):
 garbage-first heap   total 90112K, used 72096K [0x0000000705a00000, 0x0000000800000000)
  region size 2048K, 23 young (47104K), 2 survivors (4096K)
 Metaspace       used 89670K, committed 90496K, reserved 1179648K
  class space    used 11663K, committed 12032K, reserved 1048576K
}
Event: 41361.177 GC heap after
{Heap after GC invocations=86 (full 15):
 garbage-first heap   total 90112K, used 27621K [0x0000000705a00000, 0x0000000800000000)
  region size 2048K, 0 young (0K), 0 survivors (0K)
 Metaspace       used 89667K, committed 90496K, reserved 1179648K
  class space    used 11663K, committed 12032K, reserved 1048576K
}
Event: 41361.746 GC heap before
{Heap before GC invocations=86 (full 15):
 garbage-first heap   total 90112K, used 72677K [0x0000000705a00000, 0x0000000800000000)
  region size 2048K, 23 young (47104K), 0 survivors (0K)
 Metaspace       used 89751K, committed 90560K, reserved 1179648K
  class space    used 11675K, committed 12032K, reserved 1048576K
}
Event: 41361.751 GC heap after
{Heap after GC invocations=87 (full 15):
 garbage-first heap   total 90112K, used 31567K [0x0000000705a00000, 0x0000000800000000)
  region size 2048K, 2 young (4096K), 2 survivors (4096K)
 Metaspace       used 89751K, committed 90560K, reserved 1179648K
  class space    used 11675K, committed 12032K, reserved 1048576K
}
Event: 41381.946 GC heap before
{Heap before GC invocations=88 (full 15):
 garbage-first heap   total 90112K, used 70479K [0x0000000705a00000, 0x0000000800000000)
  region size 2048K, 22 young (45056K), 2 survivors (4096K)
 Metaspace       used 89893K, committed 90688K, reserved 1179648K
  class space    used 11666K, committed 12032K, reserved 1048576K
}
Event: 41382.017 GC heap after
{Heap after GC invocations=89 (full 16):
 garbage-first heap   total 90112K, used 27579K [0x0000000705a00000, 0x0000000800000000)
  region size 2048K, 0 young (0K), 0 survivors (0K)
 Metaspace       used 89888K, committed 90688K, reserved 1179648K
  class space    used 11665K, committed 12032K, reserved 1048576K
}
Event: 41383.242 GC heap before
{Heap before GC invocations=89 (full 16):
 garbage-first heap   total 90112K, used 72635K [0x0000000705a00000, 0x0000000800000000)
  region size 2048K, 23 young (47104K), 0 survivors (0K)
 Metaspace       used 89973K, committed 90752K, reserved 1179648K
  class space    used 11679K, committed 12032K, reserved 1048576K
}
Event: 41383.247 GC heap after
{Heap after GC invocations=90 (full 16):
 garbage-first heap   total 90112K, used 31434K [0x0000000705a00000, 0x0000000800000000)
  region size 2048K, 2 young (4096K), 2 survivors (4096K)
 Metaspace       used 89973K, committed 90752K, reserved 1179648K
  class space    used 11679K, committed 12032K, reserved 1048576K
}

