# JRE version: OpenJDK Runtime Environment Temurin-21.0.1+12 (21.0.1+12) (build 21.0.1+12-LTS)
# Java VM: OpenJDK 64-Bit Server VM Temurin-21.0.1+12 (21.0.1+12-LTS, mixed mode, emulated-client, tiered, compressed oops, compressed class ptrs, g1 gc, windows-amd64)
GC Precious Log:
 CardTable entry size: 512
 Card Set container configuration: InlinePtr #cards 4 size 8 Array Of Cards #cards 16 size 48 Howl #buckets 8 coarsen threshold 3686 Howl Bitmap #cards 512 size 80 coarsen threshold 460 Card regions per heap region 1 cards per card region 4096
 CPUs: 12 total, 12 available
 Memory: 16016M
 Large Page Support: Disabled
 NUMA Support: Disabled
 Compressed Oops: Enabled (Zero based)
 Heap Region Size: 2M
 Heap Min Capacity: 8M
 Heap Initial Capacity: 252M
 Heap Max Capacity: 4006M
 Pre-touch: Disabled
 Parallel Workers: 10
 Concurrent Workers: 3
 Concurrent Refinement Workers: 10
 Periodic GC: Disabled
Heap:
 garbage-first heap   total 55296K, used 37565K [0x0000000705a00000, 0x0000000800000000)
  region size 2048K, 12 young (24576K), 0 survivors (0K)
 Metaspace       used 44456K, committed 45120K, reserved 1114112K
  class space    used 5390K, committed 5696K, reserved 1048576K
GC Heap History (20 events):
Event: 0.842 GC heap before
{Heap before GC invocations=1 (full 0):
 garbage-first heap   total 258048K, used 35584K [0x0000000705a00000, 0x0000000800000000)
  region size 2048K, 18 young (36864K), 2 survivors (4096K)
 Metaspace       used 19925K, committed 20160K, reserved 1114112K
  class space    used 2027K, committed 2112K, reserved 1048576K
}
Event: 0.845 GC heap after
{Heap after GC invocations=2 (full 0):
 garbage-first heap   total 258048K, used 6781K [0x0000000705a00000, 0x0000000800000000)
  region size 2048K, 1 young (2048K), 1 survivors (2048K)
 Metaspace       used 19925K, committed 20160K, reserved 1114112K
  class space    used 2027K, committed 2112K, reserved 1048576K
}
Event: 0.917 GC heap before
{Heap before GC invocations=2 (full 0):
 garbage-first heap   total 258048K, used 19069K [0x0000000705a00000, 0x0000000800000000)
  region size 2048K, 8 young (16384K), 1 survivors (2048K)
 Metaspace       used 21267K, committed 21504K, reserved 1114112K
  class space    used 2215K, committed 2368K, reserved 1048576K
}
Event: 0.919 GC heap after
{Heap after GC invocations=3 (full 0):
 garbage-first heap   total 258048K, used 7063K [0x0000000705a00000, 0x0000000800000000)
  region size 2048K, 2 young (4096K), 2 survivors (4096K)
 Metaspace       used 21267K, committed 21504K, reserved 1114112K
  class space    used 2215K, committed 2368K, reserved 1048576K
}
Event: 1.062 GC heap before
{Heap before GC invocations=4 (full 0):
 garbage-first heap   total 40960K, used 37783K [0x0000000705a00000, 0x0000000800000000)
  region size 2048K, 17 young (34816K), 2 survivors (4096K)
 Metaspace       used 23840K, committed 24128K, reserved 1114112K
  class space    used 2629K, committed 2752K, reserved 1048576K
}
Event: 1.064 GC heap after
{Heap after GC invocations=5 (full 0):
 garbage-first heap   total 45056K, used 7988K [0x0000000705a00000, 0x0000000800000000)
  region size 2048K, 2 young (4096K), 2 survivors (4096K)
 Metaspace       used 23840K, committed 24128K, reserved 1114112K
  class space    used 2629K, committed 2752K, reserved 1048576K
}
Event: 1.109 GC heap before
{Heap before GC invocations=5 (full 0):
 garbage-first heap   total 45056K, used 30516K [0x0000000705a00000, 0x0000000800000000)
  region size 2048K, 13 young (26624K), 2 survivors (4096K)
 Metaspace       used 25653K, committed 25984K, reserved 1114112K
  class space    used 2824K, committed 3008K, reserved 1048576K
}
Event: 1.112 GC heap after
{Heap after GC invocations=6 (full 0):
 garbage-first heap   total 45056K, used 8383K [0x0000000705a00000, 0x0000000800000000)
  region size 2048K, 1 young (2048K), 1 survivors (2048K)
 Metaspace       used 25653K, committed 25984K, reserved 1114112K
  class space    used 2824K, committed 3008K, reserved 1048576K
}
Event: 1.189 GC heap before
{Heap before GC invocations=6 (full 0):
 garbage-first heap   total 45056K, used 32959K [0x0000000705a00000, 0x0000000800000000)
  region size 2048K, 13 young (26624K), 1 survivors (2048K)
 Metaspace       used 28205K, committed 28480K, reserved 1114112K
  class space    used 3138K, committed 3264K, reserved 1048576K
}
Event: 1.191 GC heap after
{Heap after GC invocations=7 (full 0):
 garbage-first heap   total 151552K, used 9105K [0x0000000705a00000, 0x0000000800000000)
  region size 2048K, 2 young (4096K), 2 survivors (4096K)
 Metaspace       used 28205K, committed 28480K, reserved 1114112K
  class space    used 3138K, committed 3264K, reserved 1048576K
}
Event: 1.674 GC heap before
{Heap before GC invocations=7 (full 0):
 garbage-first heap   total 151552K, used 93073K [0x0000000705a00000, 0x0000000800000000)
  region size 2048K, 44 young (90112K), 2 survivors (4096K)
 Metaspace       used 34358K, committed 34880K, reserved 1114112K
  class space    used 4005K, committed 4224K, reserved 1048576K
}
Event: 1.678 GC heap after
{Heap after GC invocations=8 (full 0):
 garbage-first heap   total 151552K, used 12194K [0x0000000705a00000, 0x0000000800000000)
  region size 2048K, 3 young (6144K), 3 survivors (6144K)
 Metaspace       used 34358K, committed 34880K, reserved 1114112K
  class space    used 4005K, committed 4224K, reserved 1048576K
}
Event: 1.767 GC heap before
{Heap before GC invocations=8 (full 0):
 garbage-first heap   total 151552K, used 24482K [0x0000000705a00000, 0x0000000800000000)
  region size 2048K, 10 young (20480K), 3 survivors (6144K)
 Metaspace       used 35534K, committed 35968K, reserved 1114112K
  class space    used 4171K, committed 4352K, reserved 1048576K
}
Event: 1.772 GC heap after
{Heap after GC invocations=9 (full 0):
 garbage-first heap   total 151552K, used 12857K [0x0000000705a00000, 0x0000000800000000)
  region size 2048K, 4 young (8192K), 4 survivors (8192K)
 Metaspace       used 35534K, committed 35968K, reserved 1114112K
  class space    used 4171K, committed 4352K, reserved 1048576K
}
Event: 2.106 GC heap before
{Heap before GC invocations=10 (full 0):
 garbage-first heap   total 61440K, used 57913K [0x0000000705a00000, 0x0000000800000000)
  region size 2048K, 26 young (53248K), 4 survivors (8192K)
 Metaspace       used 39536K, committed 40064K, reserved 1114112K
  class space    used 4722K, committed 4928K, reserved 1048576K
}
Event: 2.111 GC heap after
{Heap after GC invocations=11 (full 0):
 garbage-first heap   total 73728K, used 15741K [0x0000000705a00000, 0x0000000800000000)
  region size 2048K, 5 young (10240K), 5 survivors (10240K)
 Metaspace       used 39536K, committed 40064K, reserved 1114112K
  class space    used 4722K, committed 4928K, reserved 1048576K
}
Event: 14.727 GC heap before
{Heap before GC invocations=11 (full 0):
 garbage-first heap   total 73728K, used 46461K [0x0000000705a00000, 0x0000000800000000)
  region size 2048K, 21 young (43008K), 5 survivors (10240K)
 Metaspace       used 42350K, committed 42944K, reserved 1114112K
  class space    used 5108K, committed 5376K, reserved 1048576K
}
Event: 14.734 GC heap after
{Heap after GC invocations=12 (full 0):
 garbage-first heap   total 73728K, used 16701K [0x0000000705a00000, 0x0000000800000000)
  region size 2048K, 3 young (6144K), 3 survivors (6144K)
 Metaspace       used 42350K, committed 42944K, reserved 1114112K
  class space    used 5108K, committed 5376K, reserved 1048576K
}
Event: 301.439 GC heap before
{Heap before GC invocations=12 (full 0):
 garbage-first heap   total 73728K, used 39229K [0x0000000705a00000, 0x0000000800000000)
  region size 2048K, 16 young (32768K), 3 survivors (6144K)
 Metaspace       used 44388K, committed 45056K, reserved 1114112K
  class space    used 5378K, committed 5696K, reserved 1048576K
}
Event: 301.471 GC heap after
{Heap after GC invocations=13 (full 1):
 garbage-first heap   total 55296K, used 15037K [0x0000000705a00000, 0x0000000800000000)
  region size 2048K, 0 young (0K), 0 survivors (0K)
 Metaspace       used 44388K, committed 45056K, reserved 1114112K
  class space    used 5378K, committed 5696K, reserved 1048576K
}

