# JRE version: OpenJDK Runtime Environment Temurin-21.0.1+12 (21.0.1+12) (build 21.0.1+12-LTS)
# Java VM: OpenJDK 64-Bit Server VM Temurin-21.0.1+12 (21.0.1+12-LTS, mixed mode, emulated-client, tiered, compressed oops, compressed class ptrs, g1 gc, windows-amd64)
GC Precious Log:
 CardTable entry size: 512
 Card Set container configuration: InlinePtr #cards 4 size 8 Array Of Cards #cards 16 size 48 Howl #buckets 8 coarsen threshold 3686 Howl Bitmap #cards 512 size 80 coarsen threshold 460 Card regions per heap region 1 cards per card region 4096
 CPUs: 12 total, 12 available
 Memory: 16016M
 Large Page Support: Disabled
 NUMA Support: Disabled
 Compressed Oops: Enabled (Zero based)
 Heap Region Size: 2M
 Heap Min Capacity: 8M
 Heap Initial Capacity: 252M
 Heap Max Capacity: 4006M
 Pre-touch: Disabled
 Parallel Workers: 10
 Concurrent Workers: 3
 Concurrent Refinement Workers: 10
 Periodic GC: Disabled
Heap:
 garbage-first heap   total 55296K, used 34644K [0x0000000705a00000, 0x0000000800000000)
  region size 2048K, 11 young (22528K), 0 survivors (0K)
 Metaspace       used 44034K, committed 44992K, reserved 1114112K
  class space    used 5285K, committed 5632K, reserved 1048576K
GC Heap History (20 events):
Event: 1.034 GC heap before
{Heap before GC invocations=2 (full 0):
 garbage-first heap   total 258048K, used 17008K [0x0000000705a00000, 0x0000000800000000)
  region size 2048K, 7 young (14336K), 1 survivors (2048K)
 Metaspace       used 21218K, committed 21504K, reserved 1114112K
  class space    used 2204K, committed 2368K, reserved 1048576K
}
Event: 1.036 GC heap after
{Heap after GC invocations=3 (full 0):
 garbage-first heap   total 258048K, used 7081K [0x0000000705a00000, 0x0000000800000000)
  region size 2048K, 2 young (4096K), 2 survivors (4096K)
 Metaspace       used 21218K, committed 21504K, reserved 1114112K
  class space    used 2204K, committed 2368K, reserved 1048576K
}
Event: 1.212 GC heap before
{Heap before GC invocations=4 (full 0):
 garbage-first heap   total 40960K, used 37801K [0x0000000705a00000, 0x0000000800000000)
  region size 2048K, 17 young (34816K), 2 survivors (4096K)
 Metaspace       used 23641K, committed 24000K, reserved 1114112K
  class space    used 2606K, committed 2752K, reserved 1048576K
}
Event: 1.215 GC heap after
{Heap after GC invocations=5 (full 0):
 garbage-first heap   total 45056K, used 8524K [0x0000000705a00000, 0x0000000800000000)
  region size 2048K, 2 young (4096K), 2 survivors (4096K)
 Metaspace       used 23641K, committed 24000K, reserved 1114112K
  class space    used 2606K, committed 2752K, reserved 1048576K
}
Event: 1.259 GC heap before
{Heap before GC invocations=5 (full 0):
 garbage-first heap   total 45056K, used 31052K [0x0000000705a00000, 0x0000000800000000)
  region size 2048K, 13 young (26624K), 2 survivors (4096K)
 Metaspace       used 25382K, committed 25728K, reserved 1114112K
  class space    used 2781K, committed 2944K, reserved 1048576K
}
Event: 1.261 GC heap after
{Heap after GC invocations=6 (full 0):
 garbage-first heap   total 45056K, used 8268K [0x0000000705a00000, 0x0000000800000000)
  region size 2048K, 1 young (2048K), 1 survivors (2048K)
 Metaspace       used 25382K, committed 25728K, reserved 1114112K
  class space    used 2781K, committed 2944K, reserved 1048576K
}
Event: 1.339 GC heap before
{Heap before GC invocations=6 (full 0):
 garbage-first heap   total 45056K, used 30796K [0x0000000705a00000, 0x0000000800000000)
  region size 2048K, 13 young (26624K), 1 survivors (2048K)
 Metaspace       used 27976K, committed 28352K, reserved 1114112K
  class space    used 3101K, committed 3264K, reserved 1048576K
}
Event: 1.342 GC heap after
{Heap after GC invocations=7 (full 0):
 garbage-first heap   total 151552K, used 9121K [0x0000000705a00000, 0x0000000800000000)
  region size 2048K, 2 young (4096K), 2 survivors (4096K)
 Metaspace       used 27976K, committed 28352K, reserved 1114112K
  class space    used 3101K, committed 3264K, reserved 1048576K
}
Event: 1.808 GC heap before
{Heap before GC invocations=7 (full 0):
 garbage-first heap   total 151552K, used 93089K [0x0000000705a00000, 0x0000000800000000)
  region size 2048K, 44 young (90112K), 2 survivors (4096K)
 Metaspace       used 34191K, committed 34624K, reserved 1114112K
  class space    used 3972K, committed 4160K, reserved 1048576K
}
Event: 1.813 GC heap after
{Heap after GC invocations=8 (full 0):
 garbage-first heap   total 151552K, used 12100K [0x0000000705a00000, 0x0000000800000000)
  region size 2048K, 3 young (6144K), 3 survivors (6144K)
 Metaspace       used 34191K, committed 34624K, reserved 1114112K
  class space    used 3972K, committed 4160K, reserved 1048576K
}
Event: 1.920 GC heap before
{Heap before GC invocations=8 (full 0):
 garbage-first heap   total 151552K, used 26436K [0x0000000705a00000, 0x0000000800000000)
  region size 2048K, 11 young (22528K), 3 survivors (6144K)
 Metaspace       used 35615K, committed 36096K, reserved 1114112K
  class space    used 4180K, committed 4352K, reserved 1048576K
}
Event: 1.925 GC heap after
{Heap after GC invocations=9 (full 0):
 garbage-first heap   total 151552K, used 13337K [0x0000000705a00000, 0x0000000800000000)
  region size 2048K, 4 young (8192K), 4 survivors (8192K)
 Metaspace       used 35615K, committed 36096K, reserved 1114112K
  class space    used 4180K, committed 4352K, reserved 1048576K
}
Event: 2.228 GC heap before
{Heap before GC invocations=10 (full 0):
 garbage-first heap   total 61440K, used 58393K [0x0000000705a00000, 0x0000000800000000)
  region size 2048K, 26 young (53248K), 4 survivors (8192K)
 Metaspace       used 39576K, committed 40192K, reserved 1114112K
  class space    used 4719K, committed 4992K, reserved 1048576K
}
Event: 2.233 GC heap after
{Heap after GC invocations=11 (full 0):
 garbage-first heap   total 73728K, used 15314K [0x0000000705a00000, 0x0000000800000000)
  region size 2048K, 5 young (10240K), 5 survivors (10240K)
 Metaspace       used 39576K, committed 40192K, reserved 1114112K
  class space    used 4719K, committed 4992K, reserved 1048576K
}
Event: 8.989 GC heap before
{Heap before GC invocations=11 (full 0):
 garbage-first heap   total 73728K, used 48082K [0x0000000705a00000, 0x0000000800000000)
  region size 2048K, 21 young (43008K), 5 survivors (10240K)
 Metaspace       used 42402K, committed 43072K, reserved 1114112K
  class space    used 5104K, committed 5376K, reserved 1048576K
}
Event: 8.995 GC heap after
{Heap after GC invocations=12 (full 0):
 garbage-first heap   total 73728K, used 16777K [0x0000000705a00000, 0x0000000800000000)
  region size 2048K, 3 young (6144K), 3 survivors (6144K)
 Metaspace       used 42402K, committed 43072K, reserved 1114112K
  class space    used 5104K, committed 5376K, reserved 1048576K
}
Event: 716.974 GC heap before
{Heap before GC invocations=12 (full 0):
 garbage-first heap   total 73728K, used 49545K [0x0000000705a00000, 0x0000000800000000)
  region size 2048K, 20 young (40960K), 3 survivors (6144K)
 Metaspace       used 44264K, committed 44928K, reserved 1114112K
  class space    used 5353K, committed 5632K, reserved 1048576K
}
Event: 717.003 GC heap after
{Heap after GC invocations=13 (full 1):
 garbage-first heap   total 55296K, used 15064K [0x0000000705a00000, 0x0000000800000000)
  region size 2048K, 0 young (0K), 0 survivors (0K)
 Metaspace       used 44264K, committed 44928K, reserved 1114112K
  class space    used 5353K, committed 5632K, reserved 1048576K
}
Event: 815.015 GC heap before
{Heap before GC invocations=13 (full 1):
 garbage-first heap   total 55296K, used 45784K [0x0000000705a00000, 0x0000000800000000)
  region size 2048K, 16 young (32768K), 0 survivors (0K)
 Metaspace       used 44334K, committed 44992K, reserved 1114112K
  class space    used 5366K, committed 5632K, reserved 1048576K
}
Event: 815.065 GC heap after
{Heap after GC invocations=14 (full 2):
 garbage-first heap   total 55296K, used 14164K [0x0000000705a00000, 0x0000000800000000)
  region size 2048K, 0 young (0K), 0 survivors (0K)
 Metaspace       used 43995K, committed 44992K, reserved 1114112K
  class space    used 5279K, committed 5632K, reserved 1048576K
}

